<?xml version="1.0" encoding="UTF-8"?>
<robot generator="Robot 5.0.1 (Python 3.11.1 on darwin)" generated="20230705 19:15:11.783" rpa="false" schemaversion="3">
<suite id="s1" name="Config" source="/Users/applebro/Desktop/nokia/Robot/config.robot">
<test id="s1-t1" name="Search and Open Wikipedia Link" line="9">
<kw name="Open Browser" library="SeleniumLibrary">
<arg>https://www.google.com/</arg>
<arg>${BROWSER}</arg>
<doc>Opens a new browser instance to the optional ``url``.</doc>
<msg timestamp="20230705 19:15:11.856" level="INFO">Opening browser 'firefox' to base url 'https://www.google.com/'.</msg>
<msg timestamp="20230705 19:15:11.857" level="INFO">Executing: /Users/applebro/Desktop/nokia/venv/lib/python3.11/site-packages/selenium/webdriver/common/macos/selenium-manager --browser firefox --output json</msg>
<status status="PASS" starttime="20230705 19:15:11.856" endtime="20230705 19:15:14.519"/>
</kw>
<kw name="Handle Pop-up">
<kw name="Run Keyword And Return Status" library="BuiltIn">
<var>${popup_visible}</var>
<arg>Wait Until Element Is Visible</arg>
<arg>css=button#L2AGLb</arg>
<arg>timeout=${TIMEOUT}</arg>
<doc>Runs the given keyword with given arguments and returns the status as a Boolean value.</doc>
<kw name="Wait Until Element Is Visible" library="SeleniumLibrary">
<arg>css=button#L2AGLb</arg>
<arg>timeout=${TIMEOUT}</arg>
<doc>Waits until the element ``locator`` is visible.</doc>
<status status="PASS" starttime="20230705 19:15:14.519" endtime="20230705 19:15:14.534"/>
</kw>
<msg timestamp="20230705 19:15:14.535" level="INFO">${popup_visible} = True</msg>
<status status="PASS" starttime="20230705 19:15:14.519" endtime="20230705 19:15:14.535"/>
</kw>
<kw name="Run Keyword If" library="BuiltIn">
<arg>${popup_visible}</arg>
<arg>Click Button</arg>
<arg>css=button#L2AGLb</arg>
<doc>Runs the given keyword with the given arguments, if ``condition`` is true.</doc>
<kw name="Click Button" library="SeleniumLibrary">
<arg>css=button#L2AGLb</arg>
<doc>Clicks the button identified by ``locator``.</doc>
<msg timestamp="20230705 19:15:14.535" level="INFO">Clicking button 'css=button#L2AGLb'.</msg>
<status status="PASS" starttime="20230705 19:15:14.535" endtime="20230705 19:15:14.753"/>
</kw>
<status status="PASS" starttime="20230705 19:15:14.535" endtime="20230705 19:15:14.753"/>
</kw>
<status status="PASS" starttime="20230705 19:15:14.519" endtime="20230705 19:15:14.753"/>
</kw>
<kw name="Wait Until Page Contains Element" library="SeleniumLibrary">
<arg>css=[name="q"]</arg>
<arg>timeout=${TIMEOUT}</arg>
<doc>Waits until the element ``locator`` appears on the current page.</doc>
<status status="PASS" starttime="20230705 19:15:14.753" endtime="20230705 19:15:14.755"/>
</kw>
<kw name="Input Text" library="SeleniumLibrary">
<arg>css=[name="q"]</arg>
<arg>nokia wikipedia</arg>
<doc>Types the given ``text`` into the text field identified by ``locator``.</doc>
<msg timestamp="20230705 19:15:14.755" level="INFO">Typing text 'nokia wikipedia' into text field 'css=[name="q"]'.</msg>
<status status="PASS" starttime="20230705 19:15:14.755" endtime="20230705 19:15:14.784"/>
</kw>
<kw name="Press Keys" library="SeleniumLibrary">
<arg>css=[name="q"]</arg>
<arg>ENTER</arg>
<doc>Simulates the user pressing key(s) to an element or on the active browser.</doc>
<msg timestamp="20230705 19:15:14.784" level="INFO">Sending key(s) ('ENTER',) to css=[name="q"] element.</msg>
<msg timestamp="20230705 19:15:15.070" level="INFO">Pressing special key ENTER to element.</msg>
<msg timestamp="20230705 19:15:15.071" level="INFO">Releasing special key ENTER.</msg>
<status status="PASS" starttime="20230705 19:15:14.784" endtime="20230705 19:15:15.088"/>
</kw>
<kw name="Wait Until Page Contains Element" library="SeleniumLibrary">
<arg>css=h3.LC20lb.MBeuO.DKV0Md</arg>
<arg>timeout=${TIMEOUT}</arg>
<doc>Waits until the element ``locator`` appears on the current page.</doc>
<status status="PASS" starttime="20230705 19:15:15.088" endtime="20230705 19:15:15.504"/>
</kw>
<kw name="Check Wikipedia Link">
<kw name="Run Keyword And Return Status" library="BuiltIn">
<var>${wikipedia_link}</var>
<arg>Element Should Be Visible</arg>
<arg>css=h3.LC20lb.MBeuO.DKV0Md</arg>
<doc>Runs the given keyword with given arguments and returns the status as a Boolean value.</doc>
<kw name="Element Should Be Visible" library="SeleniumLibrary">
<arg>css=h3.LC20lb.MBeuO.DKV0Md</arg>
<doc>Verifies that the element identified by ``locator`` is visible.</doc>
<msg timestamp="20230705 19:15:15.514" level="INFO">Element 'css=h3.LC20lb.MBeuO.DKV0Md' is displayed.</msg>
<status status="PASS" starttime="20230705 19:15:15.505" endtime="20230705 19:15:15.514"/>
</kw>
<msg timestamp="20230705 19:15:15.514" level="INFO">${wikipedia_link} = True</msg>
<status status="PASS" starttime="20230705 19:15:15.504" endtime="20230705 19:15:15.514"/>
</kw>
<kw name="Run Keyword If" library="BuiltIn">
<arg>${wikipedia_link}</arg>
<arg>Log</arg>
<arg>Wikipedia link found</arg>
<doc>Runs the given keyword with the given arguments, if ``condition`` is true.</doc>
<kw name="Log" library="BuiltIn">
<arg>Wikipedia link found</arg>
<doc>Logs the given message with the given level.</doc>
<msg timestamp="20230705 19:15:15.514" level="INFO">Wikipedia link found</msg>
<status status="PASS" starttime="20230705 19:15:15.514" endtime="20230705 19:15:15.514"/>
</kw>
<status status="PASS" starttime="20230705 19:15:15.514" endtime="20230705 19:15:15.514"/>
</kw>
<status status="PASS" starttime="20230705 19:15:15.504" endtime="20230705 19:15:15.514"/>
</kw>
<kw name="Open First Wikipedia Link">
<kw name="Click Element" library="SeleniumLibrary">
<arg>css=h3.LC20lb.MBeuO.DKV0Md</arg>
<doc>Click the element identified by ``locator``.</doc>
<msg timestamp="20230705 19:15:15.514" level="INFO">Clicking element 'css=h3.LC20lb.MBeuO.DKV0Md'.</msg>
<status status="PASS" starttime="20230705 19:15:15.514" endtime="20230705 19:15:16.023"/>
</kw>
<status status="PASS" starttime="20230705 19:15:15.514" endtime="20230705 19:15:16.023"/>
</kw>
<kw name="Wait Until Page Loads">
<kw name="Wait Until Page Contains Element" library="SeleniumLibrary">
<arg>css=#firstHeading</arg>
<arg>timeout=${TIMEOUT}</arg>
<doc>Waits until the element ``locator`` appears on the current page.</doc>
<status status="PASS" starttime="20230705 19:15:16.023" endtime="20230705 19:15:16.031"/>
</kw>
<status status="PASS" starttime="20230705 19:15:16.023" endtime="20230705 19:15:16.031"/>
</kw>
<status status="PASS" starttime="20230705 19:15:11.856" endtime="20230705 19:15:16.031"/>
</test>
<status status="PASS" starttime="20230705 19:15:11.783" endtime="20230705 19:15:16.032"/>
</suite>
<statistics>
<total>
<stat pass="1" fail="0" skip="0">All Tests</stat>
</total>
<tag>
</tag>
<suite>
<stat pass="1" fail="0" skip="0" id="s1" name="Config">Config</stat>
</suite>
</statistics>
<errors>
</errors>
</robot>
